<?xml version="1.0" encoding="UTF-8"?>
<!-- Generated by org.testng.reporters.JUnitXMLReporter -->
<testsuite ignored="0" hostname="NODE1965" failures="0" tests="3" name="ContactUs" time="39.684" errors="0" timestamp="2025-03-01T22:16:48 IST">
  <testcase classname="com.automationexercise.tests.ContactUsForm" name="contactUsForm" time="3.733"/>
  <testcase classname="com.automationexercise.tests.ContactUsForm" name="contactUsForm" time="1.974"/>
  <testcase classname="com.automationexercise.tests.ContactUsForm" name="contactUsForm" time="2.519"/>
</testsuite> <!-- ContactUs -->
