<?xml version="1.0" encoding="UTF-8"?>
<!-- Generated by org.testng.reporters.JUnitXMLReporter -->
<testsuite ignored="0" hostname="NODE1965" failures="0" tests="2" name="DownloadInvoice" time="161.644" errors="0" timestamp="2025-03-01T22:21:51 IST">
  <testcase classname="com.automationexercise.tests.DownloadInvoice" name="downloadInvoice" time="75.062"/>
  <testcase classname="com.automationexercise.tests.DownloadInvoice" name="downloadInvoice" time="74.093"/>
</testsuite> <!-- DownloadInvoice -->
