<?xml version="1.0" encoding="UTF-8"?>
<!-- Generated by org.testng.reporters.JUnitXMLReporter -->
<testsuite ignored="0" hostname="NODE1965" failures="0" tests="2" name="IncorrectLogin" time="16.547" errors="0" timestamp="2025-03-01T22:16:00 IST">
  <testcase classname="com.automationexercise.tests.IncorrectLogin" name="incorrectLoginCheck" time="2.402"/>
  <testcase classname="com.automationexercise.tests.IncorrectLogin" name="incorrectLoginCheck" time="2.48"/>
</testsuite> <!-- IncorrectLogin -->
