<?xml version="1.0" encoding="UTF-8"?>
<!-- Generated by org.testng.reporters.JUnitXMLReporter -->
<testsuite ignored="0" hostname="NODE1965" failures="0" tests="2" name="RegisterBeforeCheckout" time="387.789" errors="0" timestamp="2025-03-01T22:28:19 IST">
  <testcase classname="com.automationexercise.tests.RegisterBeforeCheckout" name="regiterBeforeCheckout" time="61.627"/>
  <testcase classname="com.automationexercise.tests.RegisterBeforeCheckout" name="regiterBeforeCheckout" time="191.916"/>
</testsuite> <!-- RegisterBeforeCheckout -->
