<?xml version="1.0" encoding="UTF-8"?>
<!-- Generated by org.testng.reporters.JUnitXMLReporter -->
<testsuite ignored="0" hostname="NODE1965" failures="0" tests="2" name="RegisterWhileCheckout" time="196.053" errors="0" timestamp="2025-03-01T22:31:35 IST">
  <testcase classname="com.automationexercise.tests.RegisterWhileCheckout" name="registerWhileCheckout" time="93.14"/>
  <testcase classname="com.automationexercise.tests.RegisterWhileCheckout" name="registerWhileCheckout" time="91.999"/>
</testsuite> <!-- RegisterWhileCheckout -->
