<?xml version="1.0" encoding="UTF-8"?>
<!-- Generated by org.testng.reporters.JUnitXMLReporter -->
<testsuite ignored="0" hostname="NODE1965" failures="0" tests="2" name="SubscriptionHome" time="11.503" errors="0" timestamp="2025-03-01T22:17:24 IST">
  <testcase classname="com.automationexercise.tests.SubscriptionHomePage" name="subscriptionVerify" time="0.9"/>
  <testcase classname="com.automationexercise.tests.SubscriptionHomePage" name="subscriptionVerify" time="0.77"/>
</testsuite> <!-- SubscriptionHome -->
