<?xml version="1.0" encoding="UTF-8"?>
<!-- Generated by org.testng.reporters.JUnitXMLReporter -->
<testsuite ignored="0" hostname="NODE1965" failures="0" tests="2" name="SubscriptionCart" time="15.526" errors="0" timestamp="2025-03-01T22:17:39 IST">
  <testcase classname="com.automationexercise.tests.SubscriptionCartPage" name="subscriptionVerify" time="3.472"/>
  <testcase classname="com.automationexercise.tests.SubscriptionCartPage" name="subscriptionVerify" time="1.833"/>
</testsuite> <!-- SubscriptionCart -->
