<?xml version="1.0" encoding="UTF-8"?>
<!-- Generated by org.testng.reporters.JUnitXMLReporter -->
<testsuite ignored="0" hostname="NODE1965" failures="0" tests="2" name="VerifyAddressCartPage" time="105.007" errors="0" timestamp="2025-03-01T22:33:51 IST">
  <testcase classname="com.automationexercise.tests.VerifyAddressCartPage" name="verifyAddressCartPage" time="47.072"/>
  <testcase classname="com.automationexercise.tests.VerifyAddressCartPage" name="verifyAddressCartPage" time="46.964"/>
</testsuite> <!-- VerifyAddressCartPage -->
